{
  "RSpec": {
    "coverage": {
      "/home/cr9co0/Projects/educhain/rails-viewcomponent-rspec-tailwind/app/helpers/application_helper.rb": {
        "lines": [
          1,
          null
        ]
      },
      "/home/cr9co0/Projects/educhain/rails-viewcomponent-rspec-tailwind/app/channels/application_cable/channel.rb": {
        "lines": [
          0,
          0,
          0,
          0
        ],
        "branches": {
        }
      },
      "/home/cr9co0/Projects/educhain/rails-viewcomponent-rspec-tailwind/app/channels/application_cable/connection.rb": {
        "lines": [
          0,
          0,
          0,
          0
        ],
        "branches": {
        }
      },
      "/home/cr9co0/Projects/educhain/rails-viewcomponent-rspec-tailwind/app/components/add_link_component.rb": {
        "lines": [
          null,
          null,
          0,
          null,
          0
        ],
        "branches": {
        }
      },
      "/home/cr9co0/Projects/educhain/rails-viewcomponent-rspec-tailwind/app/components/application_component.rb": {
        "lines": [
          null,
          null,
          0,
          null,
          0
        ],
        "branches": {
        }
      },
      "/home/cr9co0/Projects/educhain/rails-viewcomponent-rspec-tailwind/app/components/back_navigation_component.rb": {
        "lines": [
          null,
          null,
          0,
          0,
          0,
          0,
          0,
          0
        ],
        "branches": {
        }
      },
      "/home/cr9co0/Projects/educhain/rails-viewcomponent-rspec-tailwind/app/components/delete_link_component.rb": {
        "lines": [
          null,
          null,
          0,
          0,
          0,
          0,
          0,
          null,
          0
        ],
        "branches": {
        }
      },
      "/home/cr9co0/Projects/educhain/rails-viewcomponent-rspec-tailwind/app/components/edit_link_component.rb": {
        "lines": [
          null,
          null,
          0,
          0,
          0,
          0,
          0,
          null,
          0
        ],
        "branches": {
        }
      },
      "/home/cr9co0/Projects/educhain/rails-viewcomponent-rspec-tailwind/app/components/link_component.rb": {
        "lines": [
          null,
          null,
          0,
          null,
          0
        ],
        "branches": {
        }
      },
      "/home/cr9co0/Projects/educhain/rails-viewcomponent-rspec-tailwind/app/components/page_header_component.rb": {
        "lines": [
          null,
          null,
          0,
          0,
          0,
          0,
          null,
          0
        ],
        "branches": {
        }
      },
      "/home/cr9co0/Projects/educhain/rails-viewcomponent-rspec-tailwind/app/components/page_title_component.rb": {
        "lines": [
          null,
          null,
          0,
          0,
          0,
          0,
          null,
          0
        ],
        "branches": {
        }
      },
      "/home/cr9co0/Projects/educhain/rails-viewcomponent-rspec-tailwind/app/controllers/application_controller.rb": {
        "lines": [
          0,
          0
        ],
        "branches": {
        }
      },
      "/home/cr9co0/Projects/educhain/rails-viewcomponent-rspec-tailwind/app/controllers/athletes_controller.rb": {
        "lines": [
          0,
          0,
          0,
          null,
          0,
          0,
          null,
          0,
          0,
          0,
          null,
          0,
          0,
          0,
          0,
          0,
          null,
          0,
          0,
          null,
          0,
          0,
          0,
          0,
          0,
          0,
          0,
          0,
          null,
          0,
          0,
          0,
          0,
          0,
          null,
          0,
          null,
          0,
          0,
          0,
          0,
          null,
          0,
          0,
          0,
          null,
          0,
          0,
          0,
          0,
          0,
          0,
          0,
          0
        ],
        "branches": {
        }
      },
      "/home/cr9co0/Projects/educhain/rails-viewcomponent-rspec-tailwind/app/controllers/teams_controller.rb": {
        "lines": [
          0,
          0,
          null,
          0,
          0,
          0,
          null,
          0,
          0,
          null,
          0,
          0,
          0,
          null,
          0,
          0,
          0,
          0,
          0,
          0,
          0,
          0,
          0,
          null,
          0,
          0,
          null,
          0,
          0,
          0,
          0,
          0,
          0,
          0,
          0,
          null,
          0,
          0,
          0,
          0,
          0,
          null,
          0,
          null,
          0,
          0,
          0,
          null,
          0,
          0,
          0,
          0
        ],
        "branches": {
        }
      },
      "/home/cr9co0/Projects/educhain/rails-viewcomponent-rspec-tailwind/app/jobs/application_job.rb": {
        "lines": [
          0,
          null,
          null,
          null,
          null,
          null,
          0
        ],
        "branches": {
        }
      },
      "/home/cr9co0/Projects/educhain/rails-viewcomponent-rspec-tailwind/app/mailers/application_mailer.rb": {
        "lines": [
          0,
          0,
          0,
          0
        ],
        "branches": {
        }
      },
      "/home/cr9co0/Projects/educhain/rails-viewcomponent-rspec-tailwind/app/models/application_record.rb": {
        "lines": [
          0,
          0,
          0
        ],
        "branches": {
        }
      },
      "/home/cr9co0/Projects/educhain/rails-viewcomponent-rspec-tailwind/app/models/athlete.rb": {
        "lines": [
          0,
          0,
          null,
          0,
          0,
          0,
          0
        ],
        "branches": {
        }
      },
      "/home/cr9co0/Projects/educhain/rails-viewcomponent-rspec-tailwind/app/models/team.rb": {
        "lines": [
          0,
          0,
          null,
          0,
          0
        ],
        "branches": {
        }
      }
    },
    "timestamp": 1741782262
  }
}
